<?xml version="1.0" encoding="UTF-8"?>
<testng-results skipped="0" failed="0" ignored="0" total="2" passed="2">
  <reporter-output>
    <line>
      <![CDATA[Extent Report DirectoryE:\WebAutomationTeamSeven\CNBC\test-output\html]]>
    </line>
  </reporter-output>
  <suite name="CNBC Automation Script" duration-ms="31304" started-at="2018-04-29T05:15:25Z" finished-at="2018-04-29T05:15:56Z">
    <groups>
    </groups>
    <test name="CNBC Home" duration-ms="31304" started-at="2018-04-29T05:15:25Z" finished-at="2018-04-29T05:15:56Z">
      <class name="homepagetest.TestSearch">
        <test-method status="PASS" signature="extentSetup(org.testng.ITestContext)[pri:0, instance:homepagetest.TestSearch@3dd4520b]" name="extentSetup" is-config="true" duration-ms="187" started-at="2018-04-29T05:15:24Z" finished-at="2018-04-29T05:15:25Z">
          <params>
            <param index="0">
              <value>
                <![CDATA[org.testng.TestRunner@22d7b4f8]]>
              </value>
            </param>
          </params>
          <reporter-output>
            <line>
              <![CDATA[Extent Report DirectoryE:\WebAutomationTeamSeven\CNBC\test-output\html]]>
            </line>
          </reporter-output>
        </test-method> <!-- extentSetup -->
        <test-method status="PASS" signature="setUp(boolean, java.lang.String, java.lang.String, java.lang.String, java.lang.String, java.lang.String, java.lang.String, java.lang.String)[pri:0, instance:homepagetest.TestSearch@3dd4520b]" name="setUp" is-config="true" duration-ms="8932" started-at="2018-04-29T05:15:25Z" finished-at="2018-04-29T05:15:33Z">
          <params>
            <param index="0">
              <value>
                <![CDATA[false]]>
              </value>
            </param>
            <param index="1">
              <value>
                <![CDATA[false]]>
              </value>
            </param>
            <param index="2">
              <value>
                <![CDATA[Windows]]>
              </value>
            </param>
            <param index="3">
              <value>
                <![CDATA[10]]>
              </value>
            </param>
            <param index="4">
              <value>
                <![CDATA[chrome]]>
              </value>
            </param>
            <param index="5">
              <value>
                <![CDATA[34]]>
              </value>
            </param>
            <param index="6">
              <value>
                <![CDATA[https://www.cnbc.com/]]>
              </value>
            </param>
            <param index="7">
              <value>
                <![CDATA[E:\WebAutomationTeamSeven\CNBC\src\test\resources\locator.properties]]>
              </value>
            </param>
          </params>
          <reporter-output>
          </reporter-output>
        </test-method> <!-- setUp -->
        <test-method status="PASS" signature="startExtent(java.lang.reflect.Method)[pri:0, instance:homepagetest.TestSearch@3dd4520b]" name="startExtent" is-config="true" duration-ms="5" started-at="2018-04-29T05:15:33Z" finished-at="2018-04-29T05:15:33Z">
          <params>
            <param index="0">
              <value>
                <![CDATA[public void homepagetest.TestSearch.search()]]>
              </value>
            </param>
          </params>
          <reporter-output>
          </reporter-output>
        </test-method> <!-- startExtent -->
        <test-method status="PASS" signature="search()[pri:0, instance:homepagetest.TestSearch@3dd4520b]" name="search" duration-ms="327" started-at="2018-04-29T05:15:33Z" finished-at="2018-04-29T05:15:34Z">
          <reporter-output>
          </reporter-output>
        </test-method> <!-- search -->
        <test-method status="PASS" signature="afterEachTestMethod(org.testng.ITestResult)[pri:0, instance:homepagetest.TestSearch@3dd4520b]" name="afterEachTestMethod" is-config="true" duration-ms="962" started-at="2018-04-29T05:15:34Z" finished-at="2018-04-29T05:15:35Z">
          <params>
            <param index="0">
              <value>
                <![CDATA[[TestResult name=search status=SUCCESS method=TestSearch.search()[pri:0, instance:homepagetest.TestSearch@3dd4520b] output={null}]]]>
              </value>
            </param>
          </params>
          <reporter-output>
          </reporter-output>
        </test-method> <!-- afterEachTestMethod -->
        <test-method status="PASS" signature="afterMethod()[pri:0, instance:homepagetest.TestSearch@3dd4520b]" name="afterMethod" is-config="true" duration-ms="3000" started-at="2018-04-29T05:15:35Z" finished-at="2018-04-29T05:15:38Z">
          <reporter-output>
          </reporter-output>
        </test-method> <!-- afterMethod -->
        <test-method status="PASS" signature="setUp(boolean, java.lang.String, java.lang.String, java.lang.String, java.lang.String, java.lang.String, java.lang.String, java.lang.String)[pri:0, instance:homepagetest.TestSearch@3dd4520b]" name="setUp" is-config="true" duration-ms="6321" started-at="2018-04-29T05:15:38Z" finished-at="2018-04-29T05:15:44Z">
          <params>
            <param index="0">
              <value>
                <![CDATA[false]]>
              </value>
            </param>
            <param index="1">
              <value>
                <![CDATA[false]]>
              </value>
            </param>
            <param index="2">
              <value>
                <![CDATA[Windows]]>
              </value>
            </param>
            <param index="3">
              <value>
                <![CDATA[10]]>
              </value>
            </param>
            <param index="4">
              <value>
                <![CDATA[chrome]]>
              </value>
            </param>
            <param index="5">
              <value>
                <![CDATA[34]]>
              </value>
            </param>
            <param index="6">
              <value>
                <![CDATA[https://www.cnbc.com/]]>
              </value>
            </param>
            <param index="7">
              <value>
                <![CDATA[E:\WebAutomationTeamSeven\CNBC\src\test\resources\locator.properties]]>
              </value>
            </param>
          </params>
          <reporter-output>
          </reporter-output>
        </test-method> <!-- setUp -->
        <test-method status="PASS" signature="testSeartch()[pri:0, instance:homepagetest.TestSearch@3dd4520b]" name="testSeartch" duration-ms="7919" started-at="2018-04-29T05:15:44Z" finished-at="2018-04-29T05:15:52Z">
          <reporter-output>
          </reporter-output>
        </test-method> <!-- testSeartch -->
        <test-method status="PASS" signature="startExtent(java.lang.reflect.Method)[pri:0, instance:homepagetest.TestSearch@3dd4520b]" name="startExtent" is-config="true" duration-ms="0" started-at="2018-04-29T05:15:44Z" finished-at="2018-04-29T05:15:44Z">
          <params>
            <param index="0">
              <value>
                <![CDATA[public void homepagetest.TestSearch.testSeartch()]]>
              </value>
            </param>
          </params>
          <reporter-output>
          </reporter-output>
        </test-method> <!-- startExtent -->
        <test-method status="PASS" signature="afterEachTestMethod(org.testng.ITestResult)[pri:0, instance:homepagetest.TestSearch@3dd4520b]" name="afterEachTestMethod" is-config="true" duration-ms="810" started-at="2018-04-29T05:15:52Z" finished-at="2018-04-29T05:15:53Z">
          <params>
            <param index="0">
              <value>
                <![CDATA[[TestResult name=testSeartch status=SUCCESS method=TestSearch.testSeartch()[pri:0, instance:homepagetest.TestSearch@3dd4520b] output={null}]]]>
              </value>
            </param>
          </params>
          <reporter-output>
          </reporter-output>
        </test-method> <!-- afterEachTestMethod -->
        <test-method status="PASS" signature="afterMethod()[pri:0, instance:homepagetest.TestSearch@3dd4520b]" name="afterMethod" is-config="true" duration-ms="3001" started-at="2018-04-29T05:15:53Z" finished-at="2018-04-29T05:15:56Z">
          <reporter-output>
          </reporter-output>
        </test-method> <!-- afterMethod -->
        <test-method status="PASS" signature="generateReport()[pri:0, instance:homepagetest.TestSearch@3dd4520b]" name="generateReport" is-config="true" duration-ms="36" started-at="2018-04-29T05:15:56Z" finished-at="2018-04-29T05:15:56Z">
          <reporter-output>
          </reporter-output>
        </test-method> <!-- generateReport -->
      </class> <!-- homepagetest.TestSearch -->
    </test> <!-- CNBC Home -->
  </suite> <!-- CNBC Automation Script -->
</testng-results>
