<?xml version="1.0" encoding="UTF-8"?>
<!-- Generated by org.testng.reporters.JUnitXMLReporter -->
<testsuite hostname="GC-lenovo" ignored="2" name="CNBC Home" tests="3" failures="0" timestamp="29 Apr 2018 02:17:02 GMT" time="43.614" errors="0">
  <testcase name="search" time="2.818" classname="homepagetest.TestSearch"/>
  <testcase name="testSeartch" time="6.035" classname="homepagetest.TestSearch"/>
  <testcase name="testMenu" time="0.579" classname="homepagetest.TestMenu"/>
  <testcase name="@AfterSuite generateReport" time="0.0" classname="base.CommonAPI">
    <ignored/>
  </testcase> <!-- @AfterSuite generateReport -->
  <testcase name="@BeforeSuite extentSetup" time="0.0" classname="base.CommonAPI">
    <ignored/>
  </testcase> <!-- @BeforeSuite extentSetup -->
</testsuite> <!-- CNBC Home -->
